
 INFO :: NUMBER OF HASHES CHOSEN : 3

 INFO :: TABLE SIZE IN BYTES: 100000

 INFO :: TABLE SIZE CHOSEN : 12500
 INFO :: Start seconds: 1.39964e+09
 -----------------------------------------------------------


 INFO :: NUMBER OF HASHES CHOSEN : 3

 INFO :: TABLE SIZE IN BYTES: 100000

 INFO :: TABLE SIZE CHOSEN : 12500
 INFO :: Start seconds: 1.39964e+09
 -----------------------------------------------------------


 INFO :: NUMBER OF HASHES CHOSEN : 3

 INFO :: TABLE SIZE IN BYTES: 100000

 INFO :: TABLE SIZE CHOSEN : 12500
 INFO :: Start seconds: 1.39964e+09
 -----------------------------------------------------------


 INFO :: NUMBER OF HASHES CHOSEN : 3

 INFO :: TABLE SIZE IN BYTES: 100000

 INFO :: TABLE SIZE CHOSEN : 12500
 INFO :: Start seconds: 1.39964e+09
 -----------------------------------------------------------


 INFO :: NUMBER OF HASHES CHOSEN : 3

 INFO :: TABLE SIZE IN BYTES: 100000

 INFO :: TABLE SIZE CHOSEN : 12500
 INFO :: Start seconds: 1.39964e+09
 -----------------------------------------------------------


 INFO :: NUMBER OF HASHES CHOSEN : 3

 INFO :: TABLE SIZE IN BYTES: 100000

 INFO :: TABLE SIZE CHOSEN : 12500
 INFO :: Start seconds: 1.39964e+09
 -----------------------------------------------------------


 INFO :: NUMBER OF HASHES CHOSEN : 3

 INFO :: TABLE SIZE IN BYTES: 100000

 INFO :: TABLE SIZE CHOSEN : 12500
 INFO :: Start seconds: 1.39964e+09
 -----------------------------------------------------------


 INFO :: NUMBER OF HASHES CHOSEN : 3

 INFO :: TABLE SIZE IN BYTES: 100000

 INFO :: TABLE SIZE CHOSEN : 12500
 INFO :: Start seconds: 1.39964e+09
 -----------------------------------------------------------


 INFO :: NUMBER OF HASHES CHOSEN : 3

 INFO :: TABLE SIZE IN BYTES: 100000

 INFO :: TABLE SIZE CHOSEN : 12500
 INFO :: Start seconds: 1.39964e+09
 -----------------------------------------------------------


 INFO :: NUMBER OF HASHES CHOSEN : 3

 INFO :: TABLE SIZE IN BYTES: 100000

 INFO :: TABLE SIZE CHOSEN : 12500
 INFO :: Start seconds: 1.39964e+09
 -----------------------------------------------------------

